{"uid":"679b7eb1f1d88521","name":"devideByZeroTest","fullName":"examples.AssertionTest.devideByZeroTest","historyId":"d5cf21caff9c7c348ca7d6fae8f615e5","time":{"start":1710681656981,"stop":1710681656994,"duration":13},"status":"broken","statusMessage":"\nExpected exception of type class examples.AssertionTest but got java.lang.ArithmeticException: / by zero","statusTrace":"org.testng.TestException: \nExpected exception of type class examples.AssertionTest but got java.lang.ArithmeticException: / by zero\r\n\tat org.testng.internal.invokers.ExpectedExceptionsHolder.wrongException(ExpectedExceptionsHolder.java:67)\r\n\tat org.testng.internal.invokers.TestInvoker.considerExceptions(TestInvoker.java:853)\r\n\tat org.testng.internal.invokers.TestInvoker.invokeMethod(TestInvoker.java:718)\r\n\tat org.testng.internal.invokers.TestInvoker.invokeTestMethod(TestInvoker.java:228)\r\n\tat org.testng.internal.invokers.MethodRunner.runInSequence(MethodRunner.java:63)\r\n\tat org.testng.internal.invokers.TestInvoker$MethodInvocationAgent.invoke(TestInvoker.java:961)\r\n\tat org.testng.internal.invokers.TestInvoker.invokeTestMethods(TestInvoker.java:201)\r\n\tat org.testng.internal.invokers.TestMethodWorker.invokeTestMethods(TestMethodWorker.java:148)\r\n\tat org.testng.internal.invokers.TestMethodWorker.run(TestMethodWorker.java:128)\r\n\tat java.base/java.util.ArrayList.forEach(ArrayList.java:1511)\r\n\tat org.testng.TestRunner.privateRun(TestRunner.java:819)\r\n\tat org.testng.TestRunner.run(TestRunner.java:619)\r\n\tat org.testng.SuiteRunner.runTest(SuiteRunner.java:443)\r\n\tat org.testng.SuiteRunner.runSequentially(SuiteRunner.java:437)\r\n\tat org.testng.SuiteRunner.privateRun(SuiteRunner.java:397)\r\n\tat org.testng.SuiteRunner.run(SuiteRunner.java:336)\r\n\tat org.testng.SuiteRunnerWorker.runSuite(SuiteRunnerWorker.java:52)\r\n\tat org.testng.SuiteRunnerWorker.run(SuiteRunnerWorker.java:95)\r\n\tat org.testng.TestNG.runSuitesSequentially(TestNG.java:1301)\r\n\tat org.testng.TestNG.runSuitesLocally(TestNG.java:1228)\r\n\tat org.testng.TestNG.runSuites(TestNG.java:1134)\r\n\tat org.testng.TestNG.run(TestNG.java:1101)\r\n\tat com.intellij.rt.testng.IDEARemoteTestNG.run(IDEARemoteTestNG.java:65)\r\n\tat com.intellij.rt.testng.RemoteTestNGStarter.main(RemoteTestNGStarter.java:105)\r\nCaused by: java.lang.ArithmeticException: / by zero\r\n\tat examples.AssertionTest.devideByZero(AssertionTest.java:15)\r\n\tat examples.AssertionTest.devideByZeroTest(AssertionTest.java:19)\r\n\tat java.base/jdk.internal.reflect.NativeMethodAccessorImpl.invoke0(Native Method)\r\n\tat java.base/jdk.internal.reflect.NativeMethodAccessorImpl.invoke(NativeMethodAccessorImpl.java:77)\r\n\tat java.base/jdk.internal.reflect.DelegatingMethodAccessorImpl.invoke(DelegatingMethodAccessorImpl.java:43)\r\n\tat java.base/java.lang.reflect.Method.invoke(Method.java:568)\r\n\tat org.testng.internal.invokers.MethodInvocationHelper.invokeMethod(MethodInvocationHelper.java:139)\r\n\tat org.testng.internal.invokers.TestInvoker.invokeMethod(TestInvoker.java:664)\r\n\t... 21 more\r\n","flaky":false,"newFailed":false,"newBroken":false,"newPassed":false,"retriesCount":7,"retriesStatusChange":true,"beforeStages":[],"afterStages":[],"labels":[{"name":"package","value":"examples.AssertionTest"},{"name":"testClass","value":"examples.AssertionTest"},{"name":"testMethod","value":"devideByZeroTest"},{"name":"parentSuite","value":"Default Suite"},{"name":"suite","value":"MyWebProject_QA41"},{"name":"subSuite","value":"examples.AssertionTest"},{"name":"host","value":"ULV"},{"name":"thread","value":"15148@ULV.main(1)"},{"name":"framework","value":"testng"},{"name":"language","value":"java"},{"name":"resultFormat","value":"allure2"}],"parameters":[],"links":[],"hidden":false,"retry":false,"extra":{"severity":"normal","retries":[{"uid":"1b530c69592770cc","status":"broken","statusDetails":"\nExpected exception of type class examples.AssertionTest but got java.lang.ArithmeticException: / by zero","time":{"start":1710681386278,"stop":1710681386292,"duration":14}},{"uid":"5511c7b368c7c198","status":"broken","statusDetails":"\nMethod AssertionTest.devideByZeroTest()[pri:0, instance:examples.AssertionTest@49d98dc5] should have thrown an exception of type class examples.AssertionTest","time":{"start":1710681274457,"stop":1710681274469,"duration":12}},{"uid":"59c5a3f3dcec2c32","status":"broken","statusDetails":"\nMethod AssertionTest.devideByZeroTest()[pri:0, instance:examples.AssertionTest@55f45b92] should have thrown an exception of type class examples.AssertionTest","time":{"start":1710681237369,"stop":1710681237379,"duration":10}},{"uid":"4de14d51ad779bbf","status":"broken","statusDetails":"\nExpected exception of type class examples.AssertionTest but got java.lang.ArithmeticException: / by zero","time":{"start":1710680991931,"stop":1710680991943,"duration":12}},{"uid":"1126551d0aaf8aae","status":"broken","statusDetails":"\nExpected exception of type class examples.AssertionTest but got java.lang.ArithmeticException: / by zero","time":{"start":1710680971147,"stop":1710680971160,"duration":13}},{"uid":"9040f3c6bcef2411","status":"passed","time":{"start":1710680925152,"stop":1710680925163,"duration":11}},{"uid":"b64db8d0d314502","status":"broken","statusDetails":"\nExpected exception of type class examples.AssertionTest but got java.lang.ArithmeticException: / by zero","time":{"start":1710680814428,"stop":1710680814439,"duration":11}}],"categories":[{"name":"Test defects","matchedStatuses":[],"flaky":false}],"history":{"statistic":{"failed":0,"broken":3,"skipped":0,"passed":0,"unknown":0,"total":3},"items":[{"uid":"2a85f6b2d60bc1f0","reportUrl":"http://localhost:8080/job/PhoneBookTest/18/allure/#testresult/2a85f6b2d60bc1f0","status":"broken","statusDetails":"\nExpected exception of type class examples.AssertionTest but got java.lang.ArithmeticException: / by zero","time":{"start":1710681656981,"stop":1710681656994,"duration":13}},{"uid":"f95ff0935e785e24","reportUrl":"http://localhost:8080/job/PhoneBookTest/17/allure/#testresult/f95ff0935e785e24","status":"broken","statusDetails":"\nExpected exception of type class examples.AssertionTest but got java.lang.ArithmeticException: / by zero","time":{"start":1710681656981,"stop":1710681656994,"duration":13}}]},"tags":[]},"source":"679b7eb1f1d88521.json","parameterValues":[]}