{"uid":"72cb7aaf42d2c66a","name":"loginExistingUserAddContactAndDelete","fullName":"Tests.PhoneBookTest.loginExistingUserAddContactAndDelete","historyId":"8f584fc0467cfa4f7e75477d6a420998","time":{"start":1712572100510,"stop":1712572107895,"duration":7385},"description":"login exist acc and create new contact","descriptionHtml":"<p>login exist acc and create new contact</p>\n","status":"failed","statusMessage":"expected [true] but found [false]","statusTrace":"java.lang.AssertionError: expected [true] but found [false]\r\n\tat org.testng.Assert.fail(Assert.java:111)\r\n\tat org.testng.Assert.failNotEquals(Assert.java:1578)\r\n\tat org.testng.Assert.assertTrue(Assert.java:57)\r\n\tat org.testng.Assert.assertTrue(Assert.java:67)\r\n\tat Tests.PhoneBookTest.loginExistingUserAddContactAndDelete(PhoneBookTest.java:146)\r\n\tat java.base/jdk.internal.reflect.NativeMethodAccessorImpl.invoke0(Native Method)\r\n\tat java.base/jdk.internal.reflect.NativeMethodAccessorImpl.invoke(NativeMethodAccessorImpl.java:77)\r\n\tat java.base/jdk.internal.reflect.DelegatingMethodAccessorImpl.invoke(DelegatingMethodAccessorImpl.java:43)\r\n\tat java.base/java.lang.reflect.Method.invoke(Method.java:568)\r\n\tat org.testng.internal.invokers.MethodInvocationHelper.invokeMethod(MethodInvocationHelper.java:139)\r\n\tat org.testng.internal.invokers.TestInvoker.invokeMethod(TestInvoker.java:664)\r\n\tat org.testng.internal.invokers.TestInvoker.invokeTestMethod(TestInvoker.java:228)\r\n\tat org.testng.internal.invokers.MethodRunner.runInSequence(MethodRunner.java:63)\r\n\tat org.testng.internal.invokers.TestInvoker$MethodInvocationAgent.invoke(TestInvoker.java:961)\r\n\tat org.testng.internal.invokers.TestInvoker.invokeTestMethods(TestInvoker.java:201)\r\n\tat org.testng.internal.invokers.TestMethodWorker.invokeTestMethods(TestMethodWorker.java:148)\r\n\tat org.testng.internal.invokers.TestMethodWorker.run(TestMethodWorker.java:128)\r\n\tat java.base/java.util.ArrayList.forEach(ArrayList.java:1511)\r\n\tat org.testng.TestRunner.privateRun(TestRunner.java:819)\r\n\tat org.testng.TestRunner.run(TestRunner.java:619)\r\n\tat org.testng.SuiteRunner.runTest(SuiteRunner.java:443)\r\n\tat org.testng.SuiteRunner.runSequentially(SuiteRunner.java:437)\r\n\tat org.testng.SuiteRunner.privateRun(SuiteRunner.java:397)\r\n\tat org.testng.SuiteRunner.run(SuiteRunner.java:336)\r\n\tat org.testng.SuiteRunnerWorker.runSuite(SuiteRunnerWorker.java:52)\r\n\tat org.testng.SuiteRunnerWorker.run(SuiteRunnerWorker.java:95)\r\n\tat org.testng.TestNG.runSuitesSequentially(TestNG.java:1301)\r\n\tat org.testng.TestNG.runSuitesLocally(TestNG.java:1228)\r\n\tat org.testng.TestNG.runSuites(TestNG.java:1134)\r\n\tat org.testng.TestNG.run(TestNG.java:1101)\r\n\tat org.apache.maven.surefire.testng.TestNGExecutor.run(TestNGExecutor.java:155)\r\n\tat org.apache.maven.surefire.testng.TestNGDirectoryTestSuite.executeMulti(TestNGDirectoryTestSuite.java:169)\r\n\tat org.apache.maven.surefire.testng.TestNGDirectoryTestSuite.execute(TestNGDirectoryTestSuite.java:88)\r\n\tat org.apache.maven.surefire.testng.TestNGProvider.invoke(TestNGProvider.java:137)\r\n\tat org.apache.maven.surefire.booter.ForkedBooter.runSuitesInProcess(ForkedBooter.java:385)\r\n\tat org.apache.maven.surefire.booter.ForkedBooter.execute(ForkedBooter.java:162)\r\n\tat org.apache.maven.surefire.booter.ForkedBooter.run(ForkedBooter.java:507)\r\n\tat org.apache.maven.surefire.booter.ForkedBooter.main(ForkedBooter.java:495)\r\n","flaky":true,"newFailed":true,"newBroken":false,"newPassed":false,"retriesCount":24,"retriesStatusChange":true,"beforeStages":[{"name":"setUp","time":{"start":1712572098946,"stop":1712572100509,"duration":1563},"description":"","status":"passed","steps":[],"attachments":[],"parameters":[],"attachmentsCount":0,"shouldDisplayMessage":false,"attachmentStep":false,"hasContent":false,"stepsCount":0}],"testStage":{"description":"login exist acc and create new contact","status":"failed","statusMessage":"expected [true] but found [false]","statusTrace":"java.lang.AssertionError: expected [true] but found [false]\r\n\tat org.testng.Assert.fail(Assert.java:111)\r\n\tat org.testng.Assert.failNotEquals(Assert.java:1578)\r\n\tat org.testng.Assert.assertTrue(Assert.java:57)\r\n\tat org.testng.Assert.assertTrue(Assert.java:67)\r\n\tat Tests.PhoneBookTest.loginExistingUserAddContactAndDelete(PhoneBookTest.java:146)\r\n\tat java.base/jdk.internal.reflect.NativeMethodAccessorImpl.invoke0(Native Method)\r\n\tat java.base/jdk.internal.reflect.NativeMethodAccessorImpl.invoke(NativeMethodAccessorImpl.java:77)\r\n\tat java.base/jdk.internal.reflect.DelegatingMethodAccessorImpl.invoke(DelegatingMethodAccessorImpl.java:43)\r\n\tat java.base/java.lang.reflect.Method.invoke(Method.java:568)\r\n\tat org.testng.internal.invokers.MethodInvocationHelper.invokeMethod(MethodInvocationHelper.java:139)\r\n\tat org.testng.internal.invokers.TestInvoker.invokeMethod(TestInvoker.java:664)\r\n\tat org.testng.internal.invokers.TestInvoker.invokeTestMethod(TestInvoker.java:228)\r\n\tat org.testng.internal.invokers.MethodRunner.runInSequence(MethodRunner.java:63)\r\n\tat org.testng.internal.invokers.TestInvoker$MethodInvocationAgent.invoke(TestInvoker.java:961)\r\n\tat org.testng.internal.invokers.TestInvoker.invokeTestMethods(TestInvoker.java:201)\r\n\tat org.testng.internal.invokers.TestMethodWorker.invokeTestMethods(TestMethodWorker.java:148)\r\n\tat org.testng.internal.invokers.TestMethodWorker.run(TestMethodWorker.java:128)\r\n\tat java.base/java.util.ArrayList.forEach(ArrayList.java:1511)\r\n\tat org.testng.TestRunner.privateRun(TestRunner.java:819)\r\n\tat org.testng.TestRunner.run(TestRunner.java:619)\r\n\tat org.testng.SuiteRunner.runTest(SuiteRunner.java:443)\r\n\tat org.testng.SuiteRunner.runSequentially(SuiteRunner.java:437)\r\n\tat org.testng.SuiteRunner.privateRun(SuiteRunner.java:397)\r\n\tat org.testng.SuiteRunner.run(SuiteRunner.java:336)\r\n\tat org.testng.SuiteRunnerWorker.runSuite(SuiteRunnerWorker.java:52)\r\n\tat org.testng.SuiteRunnerWorker.run(SuiteRunnerWorker.java:95)\r\n\tat org.testng.TestNG.runSuitesSequentially(TestNG.java:1301)\r\n\tat org.testng.TestNG.runSuitesLocally(TestNG.java:1228)\r\n\tat org.testng.TestNG.runSuites(TestNG.java:1134)\r\n\tat org.testng.TestNG.run(TestNG.java:1101)\r\n\tat org.apache.maven.surefire.testng.TestNGExecutor.run(TestNGExecutor.java:155)\r\n\tat org.apache.maven.surefire.testng.TestNGDirectoryTestSuite.executeMulti(TestNGDirectoryTestSuite.java:169)\r\n\tat org.apache.maven.surefire.testng.TestNGDirectoryTestSuite.execute(TestNGDirectoryTestSuite.java:88)\r\n\tat org.apache.maven.surefire.testng.TestNGProvider.invoke(TestNGProvider.java:137)\r\n\tat org.apache.maven.surefire.booter.ForkedBooter.runSuitesInProcess(ForkedBooter.java:385)\r\n\tat org.apache.maven.surefire.booter.ForkedBooter.execute(ForkedBooter.java:162)\r\n\tat org.apache.maven.surefire.booter.ForkedBooter.run(ForkedBooter.java:507)\r\n\tat org.apache.maven.surefire.booter.ForkedBooter.main(ForkedBooter.java:495)\r\n","steps":[{"name":"go to the site in press login button","time":{"start":1712572100512,"stop":1712572100512,"duration":0},"status":"passed","steps":[],"attachments":[],"parameters":[],"attachmentsCount":0,"shouldDisplayMessage":false,"attachmentStep":false,"hasContent":false,"stepsCount":0},{"name":"fill the fields of email and password by using resources","time":{"start":1712572101124,"stop":1712572101124,"duration":0},"status":"passed","steps":[],"attachments":[],"parameters":[],"attachmentsCount":0,"shouldDisplayMessage":false,"attachmentStep":false,"hasContent":false,"stepsCount":0},{"name":"after login in press the (add) button","time":{"start":1712572106562,"stop":1712572106562,"duration":0},"status":"passed","steps":[],"attachments":[],"parameters":[],"attachmentsCount":0,"shouldDisplayMessage":false,"attachmentStep":false,"hasContent":false,"stepsCount":0},{"name":"while in (addpage) make new contact with generating everything but description","time":{"start":1712572106780,"stop":1712572106780,"duration":0},"status":"passed","steps":[],"attachments":[],"parameters":[],"attachmentsCount":0,"shouldDisplayMessage":false,"attachmentStep":false,"hasContent":false,"stepsCount":0},{"name":"converting the new contact to string and filling the form ","time":{"start":1712572106780,"stop":1712572106780,"duration":0},"status":"passed","steps":[],"attachments":[],"parameters":[],"attachmentsCount":0,"shouldDisplayMessage":false,"attachmentStep":false,"hasContent":false,"stepsCount":0},{"name":"after creating new contact gets in (contacts_Page), and checking if the contact is the same as we created AND save","time":{"start":1712572107093,"stop":1712572107093,"duration":0},"status":"passed","steps":[],"attachments":[],"parameters":[],"attachmentsCount":0,"shouldDisplayMessage":false,"attachmentStep":false,"hasContent":false,"stepsCount":0}],"attachments":[],"parameters":[],"attachmentsCount":0,"shouldDisplayMessage":true,"attachmentStep":false,"hasContent":true,"stepsCount":6},"afterStages":[{"name":"tearDown","time":{"start":1712572107898,"stop":1712572108499,"duration":601},"description":"","status":"passed","steps":[],"attachments":[],"parameters":[],"attachmentsCount":0,"shouldDisplayMessage":false,"attachmentStep":false,"hasContent":false,"stepsCount":0}],"labels":[{"name":"package","value":"Tests.PhoneBookTest"},{"name":"testClass","value":"Tests.PhoneBookTest"},{"name":"testMethod","value":"loginExistingUserAddContactAndDelete"},{"name":"parentSuite","value":"Surefire suite"},{"name":"suite","value":"Surefire test"},{"name":"subSuite","value":"Tests.PhoneBookTest"},{"name":"host","value":"ULV"},{"name":"thread","value":"4652@ULV.main(1)"},{"name":"framework","value":"testng"},{"name":"language","value":"java"},{"name":"resultFormat","value":"allure2"}],"parameters":[],"links":[],"hidden":false,"retry":false,"extra":{"severity":"normal","retries":[{"uid":"d961ba56f73ea367","status":"passed","time":{"start":1712571456726,"stop":1712571488510,"duration":31784}},{"uid":"78feefb65b688713","status":"failed","statusDetails":"expected [true] but found [false]","time":{"start":1712569164360,"stop":1712569171746,"duration":7386}},{"uid":"b85f58c4c9801e5d","status":"passed","time":{"start":1712506073910,"stop":1712506105753,"duration":31843}},{"uid":"c35fa43575a97859","status":"passed","time":{"start":1712466959484,"stop":1712466991201,"duration":31717}},{"uid":"965dff6ce94fb6ff","status":"passed","time":{"start":1712466657154,"stop":1712466688855,"duration":31701}},{"uid":"7bc46da9e7ba81d3","status":"passed","time":{"start":1712466347782,"stop":1712466379516,"duration":31734}},{"uid":"a91b92c7611c24ac","status":"passed","time":{"start":1712465555115,"stop":1712465586884,"duration":31769}},{"uid":"c786cebd0518b96d","status":"passed","time":{"start":1712465208390,"stop":1712465240054,"duration":31664}},{"uid":"24199b4474a3a68","status":"passed","time":{"start":1712464798902,"stop":1712464830871,"duration":31969}},{"uid":"cfcec0a8758d8c4b","status":"passed","time":{"start":1712464633880,"stop":1712464665516,"duration":31636}},{"uid":"ba70815b3c13cce8","status":"passed","time":{"start":1712464441902,"stop":1712464473645,"duration":31743}},{"uid":"e2ef8fef32984584","status":"passed","time":{"start":1712463396808,"stop":1712463428570,"duration":31762}},{"uid":"22b0166d6a579f2","status":"passed","time":{"start":1710813720117,"stop":1710813752111,"duration":31994}},{"uid":"31e4d062cd7d671b","status":"broken","statusDetails":"Unable to locate element: //h2[contains(text(),'Willard')]\nFor documentation on this error, please visit: https://www.selenium.dev/documentation/webdriver/troubleshooting/errors#no-such-element-exception\nBuild info: version: '4.16.1', revision: '9b4c83354e'\nSystem info: os.name: 'Windows 11', os.arch: 'amd64', os.version: '10.0', java.version: '17.0.10'\nDriver info: org.openqa.selenium.firefox.FirefoxDriver\nCommand: [35f60f21-90c4-4bd3-a5f3-2b6dd85c5160, findElement {using=xpath, value=//h2[contains(text(),'Willard')]}]\nCapabilities {acceptInsecureCerts: true, browserName: firefox, browserVersion: 123.0.1, moz:accessibilityChecks: false, moz:buildID: 20240304104836, moz:debuggerAddress: 127.0.0.1:27524, moz:geckodriverVersion: 0.34.0, moz:headless: false, moz:platformVersion: 10.0, moz:processID: 10528, moz:profile: C:\\Users\\esawe\\AppData\\Loca..., moz:shutdownTimeout: 60000, moz:webdriverClick: true, moz:windowless: false, pageLoadStrategy: normal, platformName: windows, proxy: Proxy(), se:cdp: ws://127.0.0.1:27524/devtoo..., se:cdpVersion: 85.0, setWindowRect: true, strictFileInteractability: false, timeouts: {implicit: 0, pageLoad: 300000, script: 30000}, unhandledPromptBehavior: dismiss and notify}\nSession ID: 35f60f21-90c4-4bd3-a5f3-2b6dd85c5160","time":{"start":1710686833141,"stop":1710686862210,"duration":29069}},{"uid":"62f64adb500fdb6","status":"broken","statusDetails":"Expected condition failed: waiting for visibility of element located by By.xpath: //h2[contains(text(),'Justin')] (tried for 5 second(s) with 500 milliseconds interval)\nBuild info: version: '4.16.1', revision: '9b4c83354e'\nSystem info: os.name: 'Windows 11', os.arch: 'amd64', os.version: '10.0', java.version: '17.0.10'\nDriver info: org.openqa.selenium.firefox.FirefoxDriver\nCapabilities {acceptInsecureCerts: true, browserName: firefox, browserVersion: 123.0.1, moz:accessibilityChecks: false, moz:buildID: 20240304104836, moz:debuggerAddress: 127.0.0.1:3689, moz:geckodriverVersion: 0.34.0, moz:headless: false, moz:platformVersion: 10.0, moz:processID: 1200, moz:profile: C:\\Users\\esawe\\AppData\\Loca..., moz:shutdownTimeout: 60000, moz:webdriverClick: true, moz:windowless: false, pageLoadStrategy: normal, platformName: windows, proxy: Proxy(), se:cdp: ws://127.0.0.1:3689/devtool..., se:cdpVersion: 85.0, setWindowRect: true, strictFileInteractability: false, timeouts: {implicit: 0, pageLoad: 300000, script: 30000}, unhandledPromptBehavior: dismiss and notify}\nSession ID: 5547cd71-7b62-472b-8db3-c377a076ff6a","time":{"start":1710686542202,"stop":1710686571364,"duration":29162}},{"uid":"34f158a92550bd45","status":"broken","statusDetails":"Unable to locate element: //h2[contains(text(),'Arnold')]\nFor documentation on this error, please visit: https://www.selenium.dev/documentation/webdriver/troubleshooting/errors#no-such-element-exception\nBuild info: version: '4.16.1', revision: '9b4c83354e'\nSystem info: os.name: 'Windows 11', os.arch: 'amd64', os.version: '10.0', java.version: '17.0.10'\nDriver info: org.openqa.selenium.firefox.FirefoxDriver\nCommand: [32960da1-c891-47e5-8f86-8f3dde6531c9, findElement {using=xpath, value=//h2[contains(text(),'Arnold')]}]\nCapabilities {acceptInsecureCerts: true, browserName: firefox, browserVersion: 123.0.1, moz:accessibilityChecks: false, moz:buildID: 20240304104836, moz:debuggerAddress: 127.0.0.1:28240, moz:geckodriverVersion: 0.34.0, moz:headless: false, moz:platformVersion: 10.0, moz:processID: 2032, moz:profile: C:\\Users\\esawe\\AppData\\Loca..., moz:shutdownTimeout: 60000, moz:webdriverClick: true, moz:windowless: false, pageLoadStrategy: normal, platformName: windows, proxy: Proxy(), se:cdp: ws://127.0.0.1:28240/devtoo..., se:cdpVersion: 85.0, setWindowRect: true, strictFileInteractability: false, timeouts: {implicit: 0, pageLoad: 300000, script: 30000}, unhandledPromptBehavior: dismiss and notify}\nSession ID: 32960da1-c891-47e5-8f86-8f3dde6531c9","time":{"start":1710686357164,"stop":1710686386553,"duration":29389}},{"uid":"1557c315cd20e681","status":"failed","statusDetails":"expected [false] but found [true]","time":{"start":1710686288105,"stop":1710686296532,"duration":8427}},{"uid":"55363d687b6b8e42","status":"failed","statusDetails":"expected [false] but found [true]","time":{"start":1710686199356,"stop":1710686207791,"duration":8435}},{"uid":"c269a3e6e93595c7","status":"failed","statusDetails":"expected [false] but found [true]","time":{"start":1710686091539,"stop":1710686099905,"duration":8366}},{"uid":"e145d9d6eca8b5a9","status":"failed","statusDetails":"expected [false] but found [true]","time":{"start":1710685919090,"stop":1710685927527,"duration":8437}},{"uid":"cf2e11a7d1ca3ea5","status":"failed","statusDetails":"expected [null] but found [[[FirefoxDriver: firefox on windows (04bb89ab-36e4-43bd-a8ef-a257b3c0ded8)] -> xpath: //h2[contains(text(),'Eugene')]]]","time":{"start":1710685688410,"stop":1710685696777,"duration":8367}},{"uid":"6bf98bc8aeed31a4","status":"broken","statusDetails":"Unable to locate element: //button[normalize-space()='Save']\nFor documentation on this error, please visit: https://www.selenium.dev/documentation/webdriver/troubleshooting/errors#no-such-element-exception\nBuild info: version: '4.16.1', revision: '9b4c83354e'\nSystem info: os.name: 'Windows 11', os.arch: 'amd64', os.version: '10.0', java.version: '17.0.10'\nDriver info: org.openqa.selenium.firefox.FirefoxDriver\nCommand: [14234ee4-9160-4312-a10b-562f80b768df, findElement {using=xpath, value=//button[normalize-space()='Save']}]\nCapabilities {acceptInsecureCerts: true, browserName: firefox, browserVersion: 123.0.1, moz:accessibilityChecks: false, moz:buildID: 20240304104836, moz:debuggerAddress: 127.0.0.1:20281, moz:geckodriverVersion: 0.34.0, moz:headless: false, moz:platformVersion: 10.0, moz:processID: 1628, moz:profile: C:\\Users\\esawe\\AppData\\Loca..., moz:shutdownTimeout: 60000, moz:webdriverClick: true, moz:windowless: false, pageLoadStrategy: normal, platformName: windows, proxy: Proxy(), se:cdp: ws://127.0.0.1:20281/devtoo..., se:cdpVersion: 85.0, setWindowRect: true, strictFileInteractability: false, timeouts: {implicit: 0, pageLoad: 300000, script: 30000}, unhandledPromptBehavior: dismiss and notify}\nSession ID: 14234ee4-9160-4312-a10b-562f80b768df","time":{"start":1710685230103,"stop":1710685239651,"duration":9548}},{"uid":"4b60ec307ef4c106","status":"broken","statusDetails":"Unable to locate element: //button[normalize-space()='Remove']\nFor documentation on this error, please visit: https://www.selenium.dev/documentation/webdriver/troubleshooting/errors#no-such-element-exception\nBuild info: version: '4.16.1', revision: '9b4c83354e'\nSystem info: os.name: 'Windows 11', os.arch: 'amd64', os.version: '10.0', java.version: '17.0.10'\nDriver info: org.openqa.selenium.firefox.FirefoxDriver\nCommand: [9abc429b-f395-4673-9a4d-f3389c246280, findElement {using=xpath, value=//button[normalize-space()='Remove']}]\nCapabilities {acceptInsecureCerts: true, browserName: firefox, browserVersion: 123.0.1, moz:accessibilityChecks: false, moz:buildID: 20240304104836, moz:debuggerAddress: 127.0.0.1:21712, moz:geckodriverVersion: 0.34.0, moz:headless: false, moz:platformVersion: 10.0, moz:processID: 7020, moz:profile: C:\\Users\\esawe\\AppData\\Loca..., moz:shutdownTimeout: 60000, moz:webdriverClick: true, moz:windowless: false, pageLoadStrategy: normal, platformName: windows, proxy: Proxy(), se:cdp: ws://127.0.0.1:21712/devtoo..., se:cdpVersion: 85.0, setWindowRect: true, strictFileInteractability: false, timeouts: {implicit: 0, pageLoad: 300000, script: 30000}, unhandledPromptBehavior: dismiss and notify}\nSession ID: 9abc429b-f395-4673-9a4d-f3389c246280","time":{"start":1710684627867,"stop":1710684655842,"duration":27975}},{"uid":"90f67cb522850b6e","status":"broken","statusDetails":"Unable to locate element: //button[@xpath='1']\nFor documentation on this error, please visit: https://www.selenium.dev/documentation/webdriver/troubleshooting/errors#no-such-element-exception\nBuild info: version: '4.16.1', revision: '9b4c83354e'\nSystem info: os.name: 'Windows 11', os.arch: 'amd64', os.version: '10.0', java.version: '17.0.10'\nDriver info: org.openqa.selenium.firefox.FirefoxDriver\nCommand: [3fbccb8e-d5cb-4a94-8599-b66ff451394a, findElement {using=xpath, value=//button[@xpath='1']}]\nCapabilities {acceptInsecureCerts: true, browserName: firefox, browserVersion: 123.0.1, moz:accessibilityChecks: false, moz:buildID: 20240304104836, moz:debuggerAddress: 127.0.0.1:40835, moz:geckodriverVersion: 0.34.0, moz:headless: false, moz:platformVersion: 10.0, moz:processID: 2544, moz:profile: C:\\Users\\esawe\\AppData\\Loca..., moz:shutdownTimeout: 60000, moz:webdriverClick: true, moz:windowless: false, pageLoadStrategy: normal, platformName: windows, proxy: Proxy(), se:cdp: ws://127.0.0.1:40835/devtoo..., se:cdpVersion: 85.0, setWindowRect: true, strictFileInteractability: false, timeouts: {implicit: 0, pageLoad: 300000, script: 30000}, unhandledPromptBehavior: dismiss and notify}\nSession ID: 3fbccb8e-d5cb-4a94-8599-b66ff451394a","time":{"start":1710684511026,"stop":1710684538974,"duration":27948}}],"categories":[{"name":"Product defects","matchedStatuses":[],"flaky":false}],"history":{"statistic":{"failed":2,"broken":0,"skipped":0,"passed":1,"unknown":0,"total":3},"items":[{"uid":"b0daab1edeff4942","reportUrl":"http://localhost:8080/job/PhoneBookTest/18/allure/#testresult/b0daab1edeff4942","status":"passed","time":{"start":1712571456726,"stop":1712571488510,"duration":31784}},{"uid":"5fe8ca4af6ae3377","reportUrl":"http://localhost:8080/job/PhoneBookTest/17/allure/#testresult/5fe8ca4af6ae3377","status":"failed","statusDetails":"expected [true] but found [false]","time":{"start":1712569164360,"stop":1712569171746,"duration":7386}}]},"tags":[]},"source":"72cb7aaf42d2c66a.json","parameterValues":[]}